2011-07-13 21:58:27 Warning: Warning (2): mysql_connect() [http://php.net/function.mysql-connect]: Access denied for user 'sgce_us'@'localhost' (using password: YES) in [/opt/cake/libs/model/datasources/dbo/dbo_mysql.php, line 561]
2011-07-13 21:58:27 Warning: Warning (2): mysql_select_db() expects parameter 2 to be resource, boolean given in [/opt/cake/libs/model/datasources/dbo/dbo_mysql.php, line 567]
2011-07-13 21:58:27 Warning: Warning (2): mysql_query() expects parameter 2 to be resource, boolean given in [/opt/cake/libs/model/datasources/dbo/dbo_mysql.php, line 609]
2011-07-13 21:58:27 Warning: Warning (2): mysql_get_server_info() expects parameter 1 to be resource, boolean given in [/opt/cake/libs/model/datasources/dbo/dbo_mysql.php, line 575]
2011-07-13 23:07:06 Warning: Warning (512): <span style="color:Red;text-align:left"><b>SQL Error:</b> 1062: Duplicate entry '0' for key 'PRIMARY'</span> in [/opt/cake/libs/model/datasources/dbo_source.php, line 684]
2011-07-14 23:04:45 Warning: Warning (512): <span style="color:Red;text-align:left"><b>SQL Error:</b> 1452: Cannot add or update a child row: a foreign key constraint fails (`sgce_bd`.`usuarios`, CONSTRAINT `fk_usuarios_voluntarios1` FOREIGN KEY (`voluntarios_id`) REFERENCES `voluntarios` (`id`) ON DELETE NO ACTION ON UPDATE NO ACTION)</span> in [/opt/cake/libs/model/datasources/dbo_source.php, line 684]
2011-07-14 23:05:33 Warning: Warning (512): <span style="color:Red;text-align:left"><b>SQL Error:</b> 1452: Cannot add or update a child row: a foreign key constraint fails (`sgce_bd`.`usuarios`, CONSTRAINT `fk_usuarios_voluntarios1` FOREIGN KEY (`voluntarios_id`) REFERENCES `voluntarios` (`id`) ON DELETE NO ACTION ON UPDATE NO ACTION)</span> in [/opt/cake/libs/model/datasources/dbo_source.php, line 684]
2011-07-14 23:05:37 Warning: Warning (512): <span style="color:Red;text-align:left"><b>SQL Error:</b> 1452: Cannot add or update a child row: a foreign key constraint fails (`sgce_bd`.`usuarios`, CONSTRAINT `fk_usuarios_voluntarios1` FOREIGN KEY (`voluntarios_id`) REFERENCES `voluntarios` (`id`) ON DELETE NO ACTION ON UPDATE NO ACTION)</span> in [/opt/cake/libs/model/datasources/dbo_source.php, line 684]
2011-07-14 23:40:33 Warning: Warning (512): <span style="color:Red;text-align:left"><b>SQL Error:</b> 1452: Cannot add or update a child row: a foreign key constraint fails (`sgce_bd`.`usuarios`, CONSTRAINT `fk_usuarios_voluntarios1` FOREIGN KEY (`voluntarios_id`) REFERENCES `voluntarios` (`id`) ON DELETE NO ACTION ON UPDATE NO ACTION)</span> in [/opt/cake/libs/model/datasources/dbo_source.php, line 684]
2011-07-14 23:41:50 Warning: Warning (512): <span style="color:Red;text-align:left"><b>SQL Error:</b> 1452: Cannot add or update a child row: a foreign key constraint fails (`sgce_bd`.`usuarios`, CONSTRAINT `fk_usuarios_voluntarios1` FOREIGN KEY (`voluntarios_id`) REFERENCES `voluntarios` (`id`) ON DELETE NO ACTION ON UPDATE NO ACTION)</span> in [/opt/cake/libs/model/datasources/dbo_source.php, line 684]
2011-07-14 23:43:06 Warning: Warning (512): <span style="color:Red;text-align:left"><b>SQL Error:</b> 1452: Cannot add or update a child row: a foreign key constraint fails (`sgce_bd`.`usuarios`, CONSTRAINT `fk_usuarios_voluntarios1` FOREIGN KEY (`voluntarios_id`) REFERENCES `voluntarios` (`id`) ON DELETE NO ACTION ON UPDATE NO ACTION)</span> in [/opt/cake/libs/model/datasources/dbo_source.php, line 684]
2011-07-14 23:43:53 Warning: Warning (512): <span style="color:Red;text-align:left"><b>SQL Error:</b> 1452: Cannot add or update a child row: a foreign key constraint fails (`sgce_bd`.`usuarios`, CONSTRAINT `fk_usuarios_voluntarios1` FOREIGN KEY (`voluntarios_id`) REFERENCES `voluntarios` (`id`) ON DELETE NO ACTION ON UPDATE NO ACTION)</span> in [/opt/cake/libs/model/datasources/dbo_source.php, line 684]
2011-07-15 21:12:27 Warning: Warning (512): <span style="color:Red;text-align:left"><b>SQL Error:</b> 1054: Unknown column 'Usuario.voluntario_id' in 'on clause'</span> in [/opt/cake/libs/model/datasources/dbo_source.php, line 684]
2011-07-15 21:12:27 Warning: Warning (512): <span style="color:Red;text-align:left"><b>SQL Error:</b> 1054: Unknown column 'Voluntario.prestacao_servico' in 'field list'</span> in [/opt/cake/libs/model/datasources/dbo_source.php, line 684]
2011-07-15 21:12:27 Warning: Warning (2): Invalid argument supplied for foreach() in [/var/www/sgce/controllers/usuarios_controller.php, line 109]
2011-07-15 21:12:27 Warning: Warning (2): Invalid argument supplied for foreach() in [/var/www/sgce/plugins/jcake/views/jcake/listar.ctp, line 81]
2011-07-15 21:19:57 Warning: Warning (512): <span style="color:Red;text-align:left"><b>SQL Error:</b> 1054: Unknown column 'Usuario.voluntario_id' in 'on clause'</span> in [/opt/cake/libs/model/datasources/dbo_source.php, line 684]
2011-07-15 21:19:57 Warning: Warning (512): <span style="color:Red;text-align:left"><b>SQL Error:</b> 1054: Unknown column 'Voluntario.prestacao_servico' in 'field list'</span> in [/opt/cake/libs/model/datasources/dbo_source.php, line 684]
2011-07-15 21:19:57 Warning: Warning (2): Invalid argument supplied for foreach() in [/var/www/sgce/controllers/usuarios_controller.php, line 109]
2011-07-15 21:19:57 Warning: Warning (2): Invalid argument supplied for foreach() in [/var/www/sgce/plugins/jcake/views/jcake/listar.ctp, line 81]
2011-07-15 21:29:24 Warning: Warning (512): <span style="color:Red;text-align:left"><b>SQL Error:</b> 1054: Unknown column 'Usuario.voluntario_id' in 'on clause'</span> in [/opt/cake/libs/model/datasources/dbo_source.php, line 684]
2011-07-15 21:29:24 Warning: Warning (512): <span style="color:Red;text-align:left"><b>SQL Error:</b> 1054: Unknown column 'Voluntario.prestacao_servico' in 'field list'</span> in [/opt/cake/libs/model/datasources/dbo_source.php, line 684]
2011-07-15 21:29:24 Warning: Warning (2): Invalid argument supplied for foreach() in [/var/www/sgce/controllers/usuarios_controller.php, line 109]
2011-07-15 21:29:24 Warning: Warning (2): Invalid argument supplied for foreach() in [/var/www/sgce/plugins/jcake/views/jcake/listar.ctp, line 81]
2011-07-15 21:46:11 Warning: Warning (512): <span style="color:Red;text-align:left"><b>SQL Error:</b> 1054: Unknown column 'Usuario.voluntario_id' in 'on clause'</span> in [/opt/cake/libs/model/datasources/dbo_source.php, line 684]
2011-07-15 21:46:11 Warning: Warning (512): <span style="color:Red;text-align:left"><b>SQL Error:</b> 1054: Unknown column 'Voluntario.prestacao_servico' in 'field list'</span> in [/opt/cake/libs/model/datasources/dbo_source.php, line 684]
2011-07-15 21:46:11 Warning: Warning (2): Invalid argument supplied for foreach() in [/var/www/sgce/controllers/usuarios_controller.php, line 109]
2011-07-15 21:46:11 Warning: Warning (2): Invalid argument supplied for foreach() in [/var/www/sgce/plugins/jcake/views/jcake/listar.ctp, line 81]
2011-07-15 21:46:13 Warning: Warning (512): <span style="color:Red;text-align:left"><b>SQL Error:</b> 1054: Unknown column 'Usuario.voluntario_id' in 'on clause'</span> in [/opt/cake/libs/model/datasources/dbo_source.php, line 684]
2011-07-15 21:46:13 Warning: Warning (512): <span style="color:Red;text-align:left"><b>SQL Error:</b> 1054: Unknown column 'Voluntario.prestacao_servico' in 'field list'</span> in [/opt/cake/libs/model/datasources/dbo_source.php, line 684]
2011-07-15 21:46:13 Warning: Warning (2): Invalid argument supplied for foreach() in [/var/www/sgce/controllers/usuarios_controller.php, line 109]
2011-07-15 21:46:13 Warning: Warning (2): Invalid argument supplied for foreach() in [/var/www/sgce/plugins/jcake/views/jcake/listar.ctp, line 81]
2011-07-15 21:49:18 Warning: Warning (512): <span style="color:Red;text-align:left"><b>SQL Error:</b> 1054: Unknown column 'Voluntario.prestacao_servico' in 'field list'</span> in [/opt/cake/libs/model/datasources/dbo_source.php, line 684]
2011-07-15 21:49:18 Warning: Warning (2): Invalid argument supplied for foreach() in [/var/www/sgce/controllers/usuarios_controller.php, line 109]
2011-07-15 21:49:18 Warning: Warning (2): Invalid argument supplied for foreach() in [/var/www/sgce/plugins/jcake/views/jcake/listar.ctp, line 81]
2011-07-15 21:51:03 Warning: Warning (512): <span style="color:Red;text-align:left"><b>SQL Error:</b> 1054: Unknown column 'Voluntario.prestacao_servico' in 'field list'</span> in [/opt/cake/libs/model/datasources/dbo_source.php, line 684]
2011-07-15 21:51:03 Warning: Warning (2): Invalid argument supplied for foreach() in [/var/www/sgce/controllers/usuarios_controller.php, line 109]
2011-07-15 21:51:03 Warning: Warning (2): Invalid argument supplied for foreach() in [/var/www/sgce/plugins/jcake/views/jcake/listar.ctp, line 81]
2011-07-15 21:51:33 Warning: Warning (512): <span style="color:Red;text-align:left"><b>SQL Error:</b> 1054: Unknown column 'Voluntario.prestacao_servico' in 'field list'</span> in [/opt/cake/libs/model/datasources/dbo_source.php, line 684]
2011-07-15 21:51:33 Warning: Warning (2): Invalid argument supplied for foreach() in [/var/www/sgce/controllers/usuarios_controller.php, line 109]
2011-07-15 21:51:33 Warning: Warning (2): Invalid argument supplied for foreach() in [/var/www/sgce/plugins/jcake/views/jcake/listar.ctp, line 81]
2011-07-15 21:51:49 Warning: Warning (512): <span style="color:Red;text-align:left"><b>SQL Error:</b> 1054: Unknown column 'Voluntario.prestacao_servico' in 'field list'</span> in [/opt/cake/libs/model/datasources/dbo_source.php, line 684]
2011-07-15 21:51:49 Warning: Warning (2): Invalid argument supplied for foreach() in [/var/www/sgce/controllers/usuarios_controller.php, line 109]
2011-07-15 21:51:49 Warning: Warning (2): Invalid argument supplied for foreach() in [/var/www/sgce/plugins/jcake/views/jcake/listar.ctp, line 81]
2011-07-15 22:09:22 Warning: Warning (512): <span style="color:Red;text-align:left"><b>SQL Error:</b> 1452: Cannot add or update a child row: a foreign key constraint fails (`sgce_bd`.`usuarios`, CONSTRAINT `fk_usuarios_voluntarios1` FOREIGN KEY (`voluntario_id`) REFERENCES `voluntarios` (`id`) ON DELETE NO ACTION ON UPDATE NO ACTION)</span> in [/opt/cake/libs/model/datasources/dbo_source.php, line 684]
2011-07-15 22:36:31 Warning: Warning (512): <span style="color:Red;text-align:left"><b>SQL Error:</b> 1452: Cannot add or update a child row: a foreign key constraint fails (`sgce_bd`.`usuarios`, CONSTRAINT `fk_usuarios_voluntarios1` FOREIGN KEY (`voluntario_id`) REFERENCES `voluntarios` (`id`) ON DELETE NO ACTION ON UPDATE NO ACTION)</span> in [/opt/cake/libs/model/datasources/dbo_source.php, line 684]
2011-07-15 22:37:06 Warning: Warning (512): <span style="color:Red;text-align:left"><b>SQL Error:</b> 1452: Cannot add or update a child row: a foreign key constraint fails (`sgce_bd`.`usuarios`, CONSTRAINT `fk_usuarios_voluntarios1` FOREIGN KEY (`voluntario_id`) REFERENCES `voluntarios` (`id`) ON DELETE NO ACTION ON UPDATE NO ACTION)</span> in [/opt/cake/libs/model/datasources/dbo_source.php, line 684]
2011-07-15 22:43:23 Warning: Warning (512): <span style="color:Red;text-align:left"><b>SQL Error:</b> 1452: Cannot add or update a child row: a foreign key constraint fails (`sgce_bd`.`usuarios`, CONSTRAINT `fk_usuarios_voluntarios1` FOREIGN KEY (`voluntario_id`) REFERENCES `voluntarios` (`id`) ON DELETE NO ACTION ON UPDATE NO ACTION)</span> in [/opt/cake/libs/model/datasources/dbo_source.php, line 684]
2011-07-15 22:43:36 Warning: Warning (512): <span style="color:Red;text-align:left"><b>SQL Error:</b> 1452: Cannot add or update a child row: a foreign key constraint fails (`sgce_bd`.`usuarios`, CONSTRAINT `fk_usuarios_voluntarios1` FOREIGN KEY (`voluntario_id`) REFERENCES `voluntarios` (`id`) ON DELETE NO ACTION ON UPDATE NO ACTION)</span> in [/opt/cake/libs/model/datasources/dbo_source.php, line 684]
2011-07-15 22:47:14 Warning: Warning (512): <span style="color:Red;text-align:left"><b>SQL Error:</b> 1452: Cannot add or update a child row: a foreign key constraint fails (`sgce_bd`.`usuarios`, CONSTRAINT `fk_usuarios_voluntarios1` FOREIGN KEY (`voluntario_id`) REFERENCES `voluntarios` (`id`) ON DELETE NO ACTION ON UPDATE NO ACTION)</span> in [/opt/cake/libs/model/datasources/dbo_source.php, line 684]
2011-07-19 20:30:12 Warning: Warning (2): Invalid argument supplied for foreach() in [/opt/cake/libs/view/helpers/form.php, line 1086]
2011-07-21 00:10:09 Warning: Warning (2): preg_match() expects parameter 2 to be string, array given in [/opt/cake/libs/validation.php, line 946]
2011-08-03 00:49:31 Warning: Warning (512): <span style="color:Red;text-align:left"><b>SQL Error:</b> 1452: Cannot add or update a child row: a foreign key constraint fails (`sgce_bd`.`mantimentos`, CONSTRAINT `fk_mantimentos_usuarios1` FOREIGN KEY (`usuario_id`) REFERENCES `usuarios` (`id`) ON DELETE NO ACTION ON UPDATE NO ACTION)</span> in [/opt/cake/libs/model/datasources/dbo_source.php, line 684]
2011-08-06 01:08:19 Warning: Warning (512): <span style="color:Red;text-align:left"><b>SQL Error:</b> 1452: Cannot add or update a child row: a foreign key constraint fails (`sgce_bd`.`companheiros`, CONSTRAINT `fk_companheiros_familias1` FOREIGN KEY (`familia_id`) REFERENCES `familias` (`id`) ON DELETE NO ACTION ON UPDATE NO ACTION)</span> in [/opt/cake/libs/model/datasources/dbo_source.php, line 684]
